have_library: checking for main() in -lcblas... -------------------- yes

"/usr/bin/gcc -o conftest -I/Users/eb/.rvm/rubies/ruby-1.9.3-p0/include/ruby-1.9.1/x86_64-darwin11.2.0 -I/Users/eb/.rvm/rubies/ruby-1.9.3-p0/include/ruby-1.9.1/ruby/backward -I/Users/eb/.rvm/rubies/ruby-1.9.3-p0/include/ruby-1.9.1 -I/projects/rb-gsl/ext -D_XOPEN_SOURCE -D_DARWIN_C_SOURCE    -Wall -I../include  -I/usr/local/Cellar/gsl/1.15/include conftest.c  -L. -L/Users/eb/.rvm/rubies/ruby-1.9.3-p0/lib -L. -L/usr/local/lib     -lruby.1.9.1  -lpthread -ldl -lobjc "
checked program was:
/* begin */
1: #include "ruby.h"
2: 
3: int main() {return 0;}
/* end */

"/usr/bin/gcc -o conftest -I/Users/eb/.rvm/rubies/ruby-1.9.3-p0/include/ruby-1.9.1/x86_64-darwin11.2.0 -I/Users/eb/.rvm/rubies/ruby-1.9.3-p0/include/ruby-1.9.1/ruby/backward -I/Users/eb/.rvm/rubies/ruby-1.9.3-p0/include/ruby-1.9.1 -I/projects/rb-gsl/ext -D_XOPEN_SOURCE -D_DARWIN_C_SOURCE    -Wall -I../include  -I/usr/local/Cellar/gsl/1.15/include conftest.c  -L. -L/Users/eb/.rvm/rubies/ruby-1.9.3-p0/lib -L. -L/usr/local/lib     -lruby.1.9.1 -lcblas  -lpthread -ldl -lobjc "
checked program was:
/* begin */
1: #include "ruby.h"
2: 
3: /*top*/
4: int main() {return 0;}
5: int t() { void ((*volatile p)()); p = (void ((*)()))main; return 0; }
/* end */

--------------------

have_library: checking for main() in -latlas... -------------------- yes

"/usr/bin/gcc -o conftest -I/Users/eb/.rvm/rubies/ruby-1.9.3-p0/include/ruby-1.9.1/x86_64-darwin11.2.0 -I/Users/eb/.rvm/rubies/ruby-1.9.3-p0/include/ruby-1.9.1/ruby/backward -I/Users/eb/.rvm/rubies/ruby-1.9.3-p0/include/ruby-1.9.1 -I/projects/rb-gsl/ext -D_XOPEN_SOURCE -D_DARWIN_C_SOURCE    -Wall -I../include  -I/usr/local/Cellar/gsl/1.15/include conftest.c  -L. -L/Users/eb/.rvm/rubies/ruby-1.9.3-p0/lib -L. -L/usr/local/lib    -lcblas  -lruby.1.9.1 -latlas -lcblas  -lpthread -ldl -lobjc "
checked program was:
/* begin */
1: #include "ruby.h"
2: 
3: /*top*/
4: int main() {return 0;}
5: int t() { void ((*volatile p)()); p = (void ((*)()))main; return 0; }
/* end */

--------------------

have_func: checking for round()... -------------------- no

"/usr/bin/gcc -o conftest -I/Users/eb/.rvm/rubies/ruby-1.9.3-p0/include/ruby-1.9.1/x86_64-darwin11.2.0 -I/Users/eb/.rvm/rubies/ruby-1.9.3-p0/include/ruby-1.9.1/ruby/backward -I/Users/eb/.rvm/rubies/ruby-1.9.3-p0/include/ruby-1.9.1 -I/projects/rb-gsl/ext -D_XOPEN_SOURCE -D_DARWIN_C_SOURCE    -Wall -I../include  -I/usr/local/Cellar/gsl/1.15/include conftest.c  -L. -L/Users/eb/.rvm/rubies/ruby-1.9.3-p0/lib -L. -L/usr/local/lib    -L/usr/local/Cellar/gsl/1.15/lib -lgsl -lcblas -latlas -latlas -lcblas  -lruby.1.9.1 -latlas -lcblas  -lpthread -ldl -lobjc "
conftest.c: In function ‘t’:
conftest.c:5: error: ‘round’ undeclared (first use in this function)
conftest.c:5: error: (Each undeclared identifier is reported only once
conftest.c:5: error: for each function it appears in.)
checked program was:
/* begin */
1: #include "ruby.h"
2: 
3: /*top*/
4: int main() {return 0;}
5: int t() { void ((*volatile p)()); p = (void ((*)()))round; return 0; }
/* end */

"/usr/bin/gcc -o conftest -I/Users/eb/.rvm/rubies/ruby-1.9.3-p0/include/ruby-1.9.1/x86_64-darwin11.2.0 -I/Users/eb/.rvm/rubies/ruby-1.9.3-p0/include/ruby-1.9.1/ruby/backward -I/Users/eb/.rvm/rubies/ruby-1.9.3-p0/include/ruby-1.9.1 -I/projects/rb-gsl/ext -D_XOPEN_SOURCE -D_DARWIN_C_SOURCE    -Wall -I../include  -I/usr/local/Cellar/gsl/1.15/include conftest.c  -L. -L/Users/eb/.rvm/rubies/ruby-1.9.3-p0/lib -L. -L/usr/local/lib    -L/usr/local/Cellar/gsl/1.15/lib -lgsl -lcblas -latlas -latlas -lcblas  -lruby.1.9.1 -latlas -lcblas  -lpthread -ldl -lobjc "
conftest.c: In function ‘t’:
conftest.c:5: warning: implicit declaration of function ‘round’
conftest.c:5: warning: incompatible implicit declaration of built-in function ‘round’
conftest.c:5: error: too few arguments to function ‘round’
checked program was:
/* begin */
1: #include "ruby.h"
2: 
3: /*top*/
4: int main() {return 0;}
5: int t() { round(); return 0; }
/* end */

--------------------

have_header: checking for rngextra/rngextra.h... -------------------- no

"/usr/bin/gcc -E -I/Users/eb/.rvm/rubies/ruby-1.9.3-p0/include/ruby-1.9.1/x86_64-darwin11.2.0 -I/Users/eb/.rvm/rubies/ruby-1.9.3-p0/include/ruby-1.9.1/ruby/backward -I/Users/eb/.rvm/rubies/ruby-1.9.3-p0/include/ruby-1.9.1 -I/projects/rb-gsl/ext -D_XOPEN_SOURCE -D_DARWIN_C_SOURCE    -Wall -I../include  -I/usr/local/Cellar/gsl/1.15/include  conftest.c -o conftest.i"
conftest.c:3:31: error: rngextra/rngextra.h: No such file or directory
checked program was:
/* begin */
1: #include "ruby.h"
2: 
3: #include <rngextra/rngextra.h>
/* end */

--------------------

have_header: checking for qrngextra/qrngextra.h... -------------------- no

"/usr/bin/gcc -E -I/Users/eb/.rvm/rubies/ruby-1.9.3-p0/include/ruby-1.9.1/x86_64-darwin11.2.0 -I/Users/eb/.rvm/rubies/ruby-1.9.3-p0/include/ruby-1.9.1/ruby/backward -I/Users/eb/.rvm/rubies/ruby-1.9.3-p0/include/ruby-1.9.1 -I/projects/rb-gsl/ext -D_XOPEN_SOURCE -D_DARWIN_C_SOURCE    -Wall -I../include  -I/usr/local/Cellar/gsl/1.15/include  conftest.c -o conftest.i"
conftest.c:3:33: error: qrngextra/qrngextra.h: No such file or directory
checked program was:
/* begin */
1: #include "ruby.h"
2: 
3: #include <qrngextra/qrngextra.h>
/* end */

--------------------

have_header: checking for ool/ool_version.h... -------------------- no

"/usr/bin/gcc -E -I/Users/eb/.rvm/rubies/ruby-1.9.3-p0/include/ruby-1.9.1/x86_64-darwin11.2.0 -I/Users/eb/.rvm/rubies/ruby-1.9.3-p0/include/ruby-1.9.1/ruby/backward -I/Users/eb/.rvm/rubies/ruby-1.9.3-p0/include/ruby-1.9.1 -I/projects/rb-gsl/ext -D_XOPEN_SOURCE -D_DARWIN_C_SOURCE    -Wall -I../include  -I/usr/local/Cellar/gsl/1.15/include  conftest.c -o conftest.i"
conftest.c:3:29: error: ool/ool_version.h: No such file or directory
checked program was:
/* begin */
1: #include "ruby.h"
2: 
3: #include <ool/ool_version.h>
/* end */

--------------------

have_header: checking for tensor/tensor.h... -------------------- no

"/usr/bin/gcc -E -I/Users/eb/.rvm/rubies/ruby-1.9.3-p0/include/ruby-1.9.1/x86_64-darwin11.2.0 -I/Users/eb/.rvm/rubies/ruby-1.9.3-p0/include/ruby-1.9.1/ruby/backward -I/Users/eb/.rvm/rubies/ruby-1.9.3-p0/include/ruby-1.9.1 -I/projects/rb-gsl/ext -D_XOPEN_SOURCE -D_DARWIN_C_SOURCE    -Wall -I../include  -I/usr/local/Cellar/gsl/1.15/include  conftest.c -o conftest.i"
conftest.c:3:27: error: tensor/tensor.h: No such file or directory
checked program was:
/* begin */
1: #include "ruby.h"
2: 
3: #include <tensor/tensor.h>
/* end */

--------------------

have_header: checking for jacobi.h... -------------------- no

"/usr/bin/gcc -E -I/Users/eb/.rvm/rubies/ruby-1.9.3-p0/include/ruby-1.9.1/x86_64-darwin11.2.0 -I/Users/eb/.rvm/rubies/ruby-1.9.3-p0/include/ruby-1.9.1/ruby/backward -I/Users/eb/.rvm/rubies/ruby-1.9.3-p0/include/ruby-1.9.1 -I/projects/rb-gsl/ext -D_XOPEN_SOURCE -D_DARWIN_C_SOURCE    -Wall -I../include  -I/usr/local/Cellar/gsl/1.15/include  conftest.c -o conftest.i"
conftest.c:3:20: error: jacobi.h: No such file or directory
checked program was:
/* begin */
1: #include "ruby.h"
2: 
3: #include <jacobi.h>
/* end */

--------------------

have_header: checking for gsl/gsl_cqp.h... -------------------- no

"/usr/bin/gcc -E -I/Users/eb/.rvm/rubies/ruby-1.9.3-p0/include/ruby-1.9.1/x86_64-darwin11.2.0 -I/Users/eb/.rvm/rubies/ruby-1.9.3-p0/include/ruby-1.9.1/ruby/backward -I/Users/eb/.rvm/rubies/ruby-1.9.3-p0/include/ruby-1.9.1 -I/projects/rb-gsl/ext -D_XOPEN_SOURCE -D_DARWIN_C_SOURCE    -Wall -I../include  -I/usr/local/Cellar/gsl/1.15/include  conftest.c -o conftest.i"
conftest.c:3:25: error: gsl/gsl_cqp.h: No such file or directory
checked program was:
/* begin */
1: #include "ruby.h"
2: 
3: #include <gsl/gsl_cqp.h>
/* end */

--------------------

have_header: checking for gsl/gsl_multimin_fsdf.h... -------------------- no

"/usr/bin/gcc -E -I/Users/eb/.rvm/rubies/ruby-1.9.3-p0/include/ruby-1.9.1/x86_64-darwin11.2.0 -I/Users/eb/.rvm/rubies/ruby-1.9.3-p0/include/ruby-1.9.1/ruby/backward -I/Users/eb/.rvm/rubies/ruby-1.9.3-p0/include/ruby-1.9.1 -I/projects/rb-gsl/ext -D_XOPEN_SOURCE -D_DARWIN_C_SOURCE    -Wall -I../include  -I/usr/local/Cellar/gsl/1.15/include  conftest.c -o conftest.i"
conftest.c:3:35: error: gsl/gsl_multimin_fsdf.h: No such file or directory
checked program was:
/* begin */
1: #include "ruby.h"
2: 
3: #include <gsl/gsl_multimin_fsdf.h>
/* end */

--------------------

have_library: checking for gsl_poly_solve_quartic() in -lgsl... -------------------- no

"/usr/bin/gcc -o conftest -I/Users/eb/.rvm/rubies/ruby-1.9.3-p0/include/ruby-1.9.1/x86_64-darwin11.2.0 -I/Users/eb/.rvm/rubies/ruby-1.9.3-p0/include/ruby-1.9.1/ruby/backward -I/Users/eb/.rvm/rubies/ruby-1.9.3-p0/include/ruby-1.9.1 -I/projects/rb-gsl/ext -D_XOPEN_SOURCE -D_DARWIN_C_SOURCE    -Wall -I../include  -I/usr/local/Cellar/gsl/1.15/include conftest.c  -L. -L/Users/eb/.rvm/rubies/ruby-1.9.3-p0/lib -L. -L/usr/local/lib    -L/usr/local/Cellar/gsl/1.15/lib -lgsl -lcblas -latlas -latlas -lcblas  -lruby.1.9.1 -lgsl -latlas -lcblas  -lpthread -ldl -lobjc "
conftest.c: In function ‘t’:
conftest.c:5: error: ‘gsl_poly_solve_quartic’ undeclared (first use in this function)
conftest.c:5: error: (Each undeclared identifier is reported only once
conftest.c:5: error: for each function it appears in.)
checked program was:
/* begin */
1: #include "ruby.h"
2: 
3: /*top*/
4: int main() {return 0;}
5: int t() { void ((*volatile p)()); p = (void ((*)()))gsl_poly_solve_quartic; return 0; }
/* end */

"/usr/bin/gcc -o conftest -I/Users/eb/.rvm/rubies/ruby-1.9.3-p0/include/ruby-1.9.1/x86_64-darwin11.2.0 -I/Users/eb/.rvm/rubies/ruby-1.9.3-p0/include/ruby-1.9.1/ruby/backward -I/Users/eb/.rvm/rubies/ruby-1.9.3-p0/include/ruby-1.9.1 -I/projects/rb-gsl/ext -D_XOPEN_SOURCE -D_DARWIN_C_SOURCE    -Wall -I../include  -I/usr/local/Cellar/gsl/1.15/include conftest.c  -L. -L/Users/eb/.rvm/rubies/ruby-1.9.3-p0/lib -L. -L/usr/local/lib    -L/usr/local/Cellar/gsl/1.15/lib -lgsl -lcblas -latlas -latlas -lcblas  -lruby.1.9.1 -lgsl -latlas -lcblas  -lpthread -ldl -lobjc "
conftest.c: In function ‘t’:
conftest.c:5: warning: implicit declaration of function ‘gsl_poly_solve_quartic’
Undefined symbols for architecture x86_64:
  "_gsl_poly_solve_quartic", referenced from:
      _t in ccCl75KG.o
ld: symbol(s) not found for architecture x86_64
collect2: ld returned 1 exit status
checked program was:
/* begin */
1: #include "ruby.h"
2: 
3: /*top*/
4: int main() {return 0;}
5: int t() { gsl_poly_solve_quartic(); return 0; }
/* end */

--------------------

have_library: checking for gsl_eigen_francis() in -lgsl... -------------------- yes

"/usr/bin/gcc -o conftest -I/Users/eb/.rvm/rubies/ruby-1.9.3-p0/include/ruby-1.9.1/x86_64-darwin11.2.0 -I/Users/eb/.rvm/rubies/ruby-1.9.3-p0/include/ruby-1.9.1/ruby/backward -I/Users/eb/.rvm/rubies/ruby-1.9.3-p0/include/ruby-1.9.1 -I/projects/rb-gsl/ext -D_XOPEN_SOURCE -D_DARWIN_C_SOURCE    -Wall -I../include  -I/usr/local/Cellar/gsl/1.15/include conftest.c  -L. -L/Users/eb/.rvm/rubies/ruby-1.9.3-p0/lib -L. -L/usr/local/lib    -L/usr/local/Cellar/gsl/1.15/lib -lgsl -lcblas -latlas -latlas -lcblas  -lruby.1.9.1 -lgsl -latlas -lcblas  -lpthread -ldl -lobjc "
conftest.c: In function ‘t’:
conftest.c:5: error: ‘gsl_eigen_francis’ undeclared (first use in this function)
conftest.c:5: error: (Each undeclared identifier is reported only once
conftest.c:5: error: for each function it appears in.)
checked program was:
/* begin */
1: #include "ruby.h"
2: 
3: /*top*/
4: int main() {return 0;}
5: int t() { void ((*volatile p)()); p = (void ((*)()))gsl_eigen_francis; return 0; }
/* end */

"/usr/bin/gcc -o conftest -I/Users/eb/.rvm/rubies/ruby-1.9.3-p0/include/ruby-1.9.1/x86_64-darwin11.2.0 -I/Users/eb/.rvm/rubies/ruby-1.9.3-p0/include/ruby-1.9.1/ruby/backward -I/Users/eb/.rvm/rubies/ruby-1.9.3-p0/include/ruby-1.9.1 -I/projects/rb-gsl/ext -D_XOPEN_SOURCE -D_DARWIN_C_SOURCE    -Wall -I../include  -I/usr/local/Cellar/gsl/1.15/include conftest.c  -L. -L/Users/eb/.rvm/rubies/ruby-1.9.3-p0/lib -L. -L/usr/local/lib    -L/usr/local/Cellar/gsl/1.15/lib -lgsl -lcblas -latlas -latlas -lcblas  -lruby.1.9.1 -lgsl -latlas -lcblas  -lpthread -ldl -lobjc "
conftest.c: In function ‘t’:
conftest.c:5: warning: implicit declaration of function ‘gsl_eigen_francis’
checked program was:
/* begin */
1: #include "ruby.h"
2: 
3: /*top*/
4: int main() {return 0;}
5: int t() { gsl_eigen_francis(); return 0; }
/* end */

--------------------

have_header: checking for ndlinear/gsl_multifit_ndlinear.h... -------------------- no

"/usr/bin/gcc -E -I/Users/eb/.rvm/rubies/ruby-1.9.3-p0/include/ruby-1.9.1/x86_64-darwin11.2.0 -I/Users/eb/.rvm/rubies/ruby-1.9.3-p0/include/ruby-1.9.1/ruby/backward -I/Users/eb/.rvm/rubies/ruby-1.9.3-p0/include/ruby-1.9.1 -I/projects/rb-gsl/ext -D_XOPEN_SOURCE -D_DARWIN_C_SOURCE    -Wall -I../include  -I/usr/local/Cellar/gsl/1.15/include  conftest.c -o conftest.i"
conftest.c:3:44: error: ndlinear/gsl_multifit_ndlinear.h: No such file or directory
checked program was:
/* begin */
1: #include "ruby.h"
2: 
3: #include <ndlinear/gsl_multifit_ndlinear.h>
/* end */

--------------------

have_header: checking for alf/alf.h... -------------------- no

"/usr/bin/gcc -E -I/Users/eb/.rvm/rubies/ruby-1.9.3-p0/include/ruby-1.9.1/x86_64-darwin11.2.0 -I/Users/eb/.rvm/rubies/ruby-1.9.3-p0/include/ruby-1.9.1/ruby/backward -I/Users/eb/.rvm/rubies/ruby-1.9.3-p0/include/ruby-1.9.1 -I/projects/rb-gsl/ext -D_XOPEN_SOURCE -D_DARWIN_C_SOURCE    -Wall -I../include  -I/usr/local/Cellar/gsl/1.15/include  conftest.c -o conftest.i"
conftest.c:3:21: error: alf/alf.h: No such file or directory
checked program was:
/* begin */
1: #include "ruby.h"
2: 
3: #include <alf/alf.h>
/* end */

--------------------

find_executable: checking for graph... -------------------- no

--------------------

have_header: checking for narray.h... -------------------- yes

"/usr/bin/gcc -E -I/Users/eb/.rvm/rubies/ruby-1.9.3-p0/include/ruby-1.9.1/x86_64-darwin11.2.0 -I/Users/eb/.rvm/rubies/ruby-1.9.3-p0/include/ruby-1.9.1/ruby/backward -I/Users/eb/.rvm/rubies/ruby-1.9.3-p0/include/ruby-1.9.1 -I/projects/rb-gsl/ext  -I/Users/eb/.rvm/gems/ruby-1.9.3-p0/gems/narray-0.6.0.1/. -I/Users/eb/.rvm/rubies/ruby-1.9.3-p0/lib/ruby/site_ruby/1.9.1/x86_64-darwin11.2.0 -D_XOPEN_SOURCE -D_DARWIN_C_SOURCE    -Wall -I../include  -I/usr/local/Cellar/gsl/1.15/include  conftest.c -o conftest.i"
checked program was:
/* begin */
1: #include "ruby.h"
2: 
3: #include <narray.h>
/* end */

--------------------

have_header: checking for tamu_anova/tamu_anova.h... -------------------- no

"/usr/bin/gcc -E -I/Users/eb/.rvm/rubies/ruby-1.9.3-p0/include/ruby-1.9.1/x86_64-darwin11.2.0 -I/Users/eb/.rvm/rubies/ruby-1.9.3-p0/include/ruby-1.9.1/ruby/backward -I/Users/eb/.rvm/rubies/ruby-1.9.3-p0/include/ruby-1.9.1 -I/projects/rb-gsl/ext  -I/Users/eb/.rvm/gems/ruby-1.9.3-p0/gems/narray-0.6.0.1/. -I/Users/eb/.rvm/rubies/ruby-1.9.3-p0/lib/ruby/site_ruby/1.9.1/x86_64-darwin11.2.0 -D_XOPEN_SOURCE -D_DARWIN_C_SOURCE    -Wall -I../include  -I/usr/local/Cellar/gsl/1.15/include  conftest.c -o conftest.i"
conftest.c:3:35: error: tamu_anova/tamu_anova.h: No such file or directory
checked program was:
/* begin */
1: #include "ruby.h"
2: 
3: #include <tamu_anova/tamu_anova.h>
/* end */

--------------------

have_library: checking for main() in -ltamuanova... -------------------- no

"/usr/bin/gcc -o conftest -I/Users/eb/.rvm/rubies/ruby-1.9.3-p0/include/ruby-1.9.1/x86_64-darwin11.2.0 -I/Users/eb/.rvm/rubies/ruby-1.9.3-p0/include/ruby-1.9.1/ruby/backward -I/Users/eb/.rvm/rubies/ruby-1.9.3-p0/include/ruby-1.9.1 -I/projects/rb-gsl/ext  -I/Users/eb/.rvm/gems/ruby-1.9.3-p0/gems/narray-0.6.0.1/. -I/Users/eb/.rvm/rubies/ruby-1.9.3-p0/lib/ruby/site_ruby/1.9.1/x86_64-darwin11.2.0 -D_XOPEN_SOURCE -D_DARWIN_C_SOURCE    -Wall -I../include  -I/usr/local/Cellar/gsl/1.15/include conftest.c  -L. -L/Users/eb/.rvm/rubies/ruby-1.9.3-p0/lib -L/Users/eb/.rvm/rubies/ruby-1.9.3-p0/lib/ruby/site_ruby/1.9.1/x86_64-darwin11.2.0 -L. -L/usr/local/lib    -L/usr/local/Cellar/gsl/1.15/lib -lgsl -lcblas -latlas -lgsl -latlas -lcblas  -lruby.1.9.1 -ltamuanova -lgsl -latlas -lcblas  -lpthread -ldl -lobjc "
ld: library not found for -ltamuanova
collect2: ld returned 1 exit status
checked program was:
/* begin */
1: #include "ruby.h"
2: 
3: /*top*/
4: int main() {return 0;}
5: int t() { void ((*volatile p)()); p = (void ((*)()))main; return 0; }
/* end */

"/usr/bin/gcc -o conftest -I/Users/eb/.rvm/rubies/ruby-1.9.3-p0/include/ruby-1.9.1/x86_64-darwin11.2.0 -I/Users/eb/.rvm/rubies/ruby-1.9.3-p0/include/ruby-1.9.1/ruby/backward -I/Users/eb/.rvm/rubies/ruby-1.9.3-p0/include/ruby-1.9.1 -I/projects/rb-gsl/ext  -I/Users/eb/.rvm/gems/ruby-1.9.3-p0/gems/narray-0.6.0.1/. -I/Users/eb/.rvm/rubies/ruby-1.9.3-p0/lib/ruby/site_ruby/1.9.1/x86_64-darwin11.2.0 -D_XOPEN_SOURCE -D_DARWIN_C_SOURCE    -Wall -I../include  -I/usr/local/Cellar/gsl/1.15/include conftest.c  -L. -L/Users/eb/.rvm/rubies/ruby-1.9.3-p0/lib -L/Users/eb/.rvm/rubies/ruby-1.9.3-p0/lib/ruby/site_ruby/1.9.1/x86_64-darwin11.2.0 -L. -L/usr/local/lib    -L/usr/local/Cellar/gsl/1.15/lib -lgsl -lcblas -latlas -lgsl -latlas -lcblas  -lruby.1.9.1 -ltamuanova -lgsl -latlas -lcblas  -lpthread -ldl -lobjc "
ld: library not found for -ltamuanova
collect2: ld returned 1 exit status
checked program was:
/* begin */
1: #include "ruby.h"
2: 
3: /*top*/
4: int main() {return 0;}
5: int t() { main(); return 0; }
/* end */

--------------------

